#
# There is insufficient memory for the Java Runtime Environment to continue.
# Native memory allocation (mmap) failed to map 65536 bytes. Error detail: Failed to commit metaspace.
# Possible reasons:
#   The system is out of physical RAM or swap space
#   This process is running with CompressedOops enabled, and the Java Heap may be blocking the growth of the native heap
# Possible solutions:
#   Reduce memory load on the system
#   Increase physical memory or swap space
#   Check if swap backing store is full
#   Decrease Java heap size (-Xmx/-Xms)
#   Decrease number of Java threads
#   Decrease Java thread stack sizes (-Xss)
#   Set larger code cache with -XX:ReservedCodeCacheSize=
#   JVM is running with Unscaled Compressed Oops mode in which the Java heap is
#     placed in the first 4GB address space. The Java Heap base address is the
#     maximum limit for the native heap growth. Please use -XX:HeapBaseMinAddress
#     to set the Java Heap base and to place the Java Heap above 4GB virtual address.
# This output file may be truncated or incomplete.
#
#  Out of Memory Error (virtualSpaceNode.cpp:110), pid=15708, tid=7664
#
# JRE version: OpenJDK Runtime Environment Temurin-17.0.11+9 (17.0.11+9) (build 17.0.11+9)
# Java VM: OpenJDK 64-Bit Server VM Temurin-17.0.11+9 (17.0.11+9, mixed mode, tiered, compressed oops, compressed class ptrs, parallel gc, windows-amd64)
# No core dump will be written. Minidumps are not enabled by default on client versions of Windows
#

---------------  S U M M A R Y ------------

Command Line: --add-modules=ALL-SYSTEM --add-opens=java.base/java.util=ALL-UNNAMED --add-opens=java.base/java.lang=ALL-UNNAMED --add-opens=java.base/sun.nio.fs=ALL-UNNAMED -Declipse.application=org.eclipse.jdt.ls.core.id1 -Dosgi.bundles.defaultStartLevel=4 -Declipse.product=org.eclipse.jdt.ls.core.product -Djava.import.generatesMetadataFilesAtProjectRoot=false -DDetectVMInstallationsJob.disabled=true -Dfile.encoding=utf8 -XX:+UseParallelGC -XX:GCTimeRatio=4 -XX:AdaptiveSizePolicyWeight=90 -Dsun.zip.disableMemoryMapping=true -Xmx1G -Xms100m -Xlog:disable -javaagent:c:\Users\alexa\.vscode\extensions\redhat.java-1.32.0-win32-x64\lombok\lombok-1.18.33.jar c:\Users\alexa\.vscode\extensions\redhat.java-1.32.0-win32-x64\server\plugins\org.eclipse.equinox.launcher_1.6.900.v20240613-2009.jar -configuration c:\Users\alexa\AppData\Roaming\Code\User\globalStorage\redhat.java\1.32.0\config_ss_win -data c:\Users\alexa\AppData\Roaming\Code\User\workspaceStorage\e0481444e0cd789a49b334a650a3f0a1\redhat.java\ss_ws --pipe=\\.\pipe\lsp-2538faa89fc5ff98426b30675b65dab7-sock

Host: AMD Ryzen 3 3250U with Radeon Graphics         , 4 cores, 5G,  Windows 11 , 64 bit Build 22621 (10.0.22621.3672)
Time: Sat Jul 27 11:10:27 2024 Est (heure d, 64 bit Build 22621 (10.0.22621.3672) elapsed time: 1.094713 seconds (0d 0h 0m 1s)

---------------  T H R E A D  ---------------

Current thread (0x000002e5819d1950):  JavaThread "main" [_thread_in_vm, id=7664, stack(0x000000f6e2500000,0x000000f6e2600000)]

Stack: [0x000000f6e2500000,0x000000f6e2600000]
Native frames: (J=compiled Java code, j=interpreted, Vv=VM code, C=native code)
V  [jvm.dll+0x67d429]
V  [jvm.dll+0x834b7a]
V  [jvm.dll+0x83663e]
V  [jvm.dll+0x836ca3]
V  [jvm.dll+0x247dbf]
V  [jvm.dll+0x83083b]
V  [jvm.dll+0x621d56]
V  [jvm.dll+0x621dba]
V  [jvm.dll+0x6245ea]
V  [jvm.dll+0x6226f6]
V  [jvm.dll+0x36e912]
V  [jvm.dll+0x1e37cb]
V  [jvm.dll+0x542537]
V  [jvm.dll+0x1f2957]
V  [jvm.dll+0x7ae0cb]
V  [jvm.dll+0x7af499]
V  [jvm.dll+0x7af7e8]
V  [jvm.dll+0x24007e]
V  [jvm.dll+0x38251e]
C  0x000002e58d37afa5

The last pc belongs to new (printed below).
Java frames: (J=compiled Java code, j=interpreted, Vv=VM code)
j  java.util.regex.Pattern.group0()Ljava/util/regex/Pattern$Node;+1027 java.base@17.0.11
j  java.util.regex.Pattern.sequence(Ljava/util/regex/Pattern$Node;)Ljava/util/regex/Pattern$Node;+137 java.base@17.0.11
j  java.util.regex.Pattern.expr(Ljava/util/regex/Pattern$Node;)Ljava/util/regex/Pattern$Node;+12 java.base@17.0.11
j  java.util.regex.Pattern.group0()Ljava/util/regex/Pattern$Node;+655 java.base@17.0.11
j  java.util.regex.Pattern.sequence(Ljava/util/regex/Pattern$Node;)Ljava/util/regex/Pattern$Node;+137 java.base@17.0.11
j  java.util.regex.Pattern.expr(Ljava/util/regex/Pattern$Node;)Ljava/util/regex/Pattern$Node;+12 java.base@17.0.11
j  java.util.regex.Pattern.compile()V+222 java.base@17.0.11
j  java.util.regex.Pattern.<init>(Ljava/lang/String;I)V+109 java.base@17.0.11
j  java.util.regex.Pattern.compile(Ljava/lang/String;)Ljava/util/regex/Pattern;+6 java.base@17.0.11
j  lombok.patcher.MethodTarget.<clinit>()V+10
v  ~StubRoutines::call_stub
j  lombok.eclipse.agent.EclipseLoaderPatcher.patchEquinoxLoaders(Llombok/patcher/ScriptManager;Ljava/lang/Class;)V+4
j  lombok.eclipse.agent.EclipsePatcher.registerPatchScripts(Ljava/lang/instrument/Instrumentation;ZLjava/lang/Class;)V+44
j  lombok.eclipse.agent.EclipsePatcher.runAgent(Ljava/lang/String;Ljava/lang/instrument/Instrumentation;ZLjava/lang/Class;)V+4
j  lombok.core.AgentLauncher.runAgents(Ljava/lang/String;Ljava/lang/instrument/Instrumentation;ZLjava/lang/Class;)V+62
v  ~StubRoutines::call_stub
j  jdk.internal.reflect.NativeMethodAccessorImpl.invoke0(Ljava/lang/reflect/Method;Ljava/lang/Object;[Ljava/lang/Object;)Ljava/lang/Object;+0 java.base@17.0.11
j  jdk.internal.reflect.NativeMethodAccessorImpl.invoke(Ljava/lang/Object;[Ljava/lang/Object;)Ljava/lang/Object;+133 java.base@17.0.11
j  jdk.internal.reflect.DelegatingMethodAccessorImpl.invoke(Ljava/lang/Object;[Ljava/lang/Object;)Ljava/lang/Object;+6 java.base@17.0.11
j  java.lang.reflect.Method.invoke(Ljava/lang/Object;[Ljava/lang/Object;)Ljava/lang/Object;+59 java.base@17.0.11
j  lombok.launch.Agent.runLauncher(Ljava/lang/String;Ljava/lang/instrument/Instrumentation;Z)V+73
j  lombok.launch.Agent.premain(Ljava/lang/String;Ljava/lang/instrument/Instrumentation;)V+3
v  ~StubRoutines::call_stub
j  jdk.internal.reflect.NativeMethodAccessorImpl.invoke0(Ljava/lang/reflect/Method;Ljava/lang/Object;[Ljava/lang/Object;)Ljava/lang/Object;+0 java.base@17.0.11
j  jdk.internal.reflect.NativeMethodAccessorImpl.invoke(Ljava/lang/Object;[Ljava/lang/Object;)Ljava/lang/Object;+133 java.base@17.0.11
j  jdk.internal.reflect.DelegatingMethodAccessorImpl.invoke(Ljava/lang/Object;[Ljava/lang/Object;)Ljava/lang/Object;+6 java.base@17.0.11
j  java.lang.reflect.Method.invoke(Ljava/lang/Object;[Ljava/lang/Object;)Ljava/lang/Object;+59 java.base@17.0.11
j  sun.instrument.InstrumentationImpl.loadClassAndStartAgent(Ljava/lang/String;Ljava/lang/String;Ljava/lang/String;)V+166 java.instrument@17.0.11
j  sun.instrument.InstrumentationImpl.loadClassAndCallPremain(Ljava/lang/String;Ljava/lang/String;)V+6 java.instrument@17.0.11
v  ~StubRoutines::call_stub
new  187 new  [0x000002e58d37ae20, 0x000002e58d37b040]  544 bytes
[MachCode]
  0x000002e58d37ae20: 4883 ec08 | c5fa 1104 | 24eb 1f48 | 83ec 10c5 | fb11 0424 | eb14 4883 | ec10 4889 | 0424 48c7 
  0x000002e58d37ae40: 4424 0800 | 0000 00eb | 0150 410f | b755 010f | cac1 ea10 | 488b 4de8 | 488b 4908 | 488b 4908 
  0x000002e58d37ae60: 488b 4108 | 807c 1004 | 070f 85d6 | 0000 0066 | 8b54 d148 | 488b 4928 | 488b 4cd1 | 0851 80b9 
  0x000002e58d37ae80: 3301 0000 | 040f 85b9 | 0000 008b | 5108 f7c2 | 0100 0000 | 0f85 aa00 | 0000 498b | 8708 0100 
  0x000002e58d37aea0: 0048 8d1c | 1049 3b9f | 1801 0000 | 0f87 9200 | 0000 4989 | 9f08 0100 | 00e9 0000 | 0000 4883 
  0x000002e58d37aec0: ea10 0f84 | 0f00 0000 | 33c9 c1ea | 0348 894c | d008 48ff | ca75 f648 | c700 0100 | 0000 5933 
  0x000002e58d37aee0: f689 700c | 48c1 e903 | 8948 0849 | ba5a 3560 | 09f9 7f00 | 0041 803a | 000f 8440 | 0000 0050 
  0x000002e58d37af00: 488b c848 | 83ec 20f7 | c40f 0000 | 000f 841a | 0000 0048 | 83ec 0849 | ba80 3116 | 09f9 7f00 
  0x000002e58d37af20: 0041 ffd2 | 4883 c408 | e90d 0000 | 0049 ba80 | 3116 09f9 | 7f00 0041 | ffd2 4883 | c420 58e9 
  0x000002e58d37af40: cd00 0000 | 5948 8b55 | e848 8b52 | 0848 8b52 | 0845 0fb7 | 4501 410f | c841 c1e8 | 10e8 0500 
  0x000002e58d37af60: 0000 e9aa | 0000 0048 | 8d44 2408 | 4c89 6dc0 | 498b cfc5 | f877 4989 | afa8 0200 | 0049 8987 
  0x000002e58d37af80: 9802 0000 | 4883 ec20 | f7c4 0f00 | 0000 0f84 | 1a00 0000 | 4883 ec08 | 49ba d024 | e008 f97f 
  0x000002e58d37afa0: 0000 41ff | d248 83c4 | 08e9 0d00 | 0000 49ba | d024 e008 | f97f 0000 | 41ff d248 | 83c4 2049 
  0x000002e58d37afc0: c787 9802 | 0000 0000 | 0000 49c7 | 87a8 0200 | 0000 0000 | 0049 c787 | a002 0000 | 0000 0000 
  0x000002e58d37afe0: c5f8 7749 | 817f 0800 | 0000 000f | 8405 0000 | 00e9 0a5f | feff 498b | 87f0 0200 | 0049 c787 
  0x000002e58d37b000: f002 0000 | 0000 0000 | 4c8b 6dc0 | 4c8b 75c8 | c341 0fb6 | 5d03 4983 | c503 49ba | d0a1 6209 
  0x000002e58d37b020: f97f 0000 | 41ff 24da | 0000 0000 | 0000 0000 | 0000 0000 | 0000 0000 | 0000 0000 | 0000 0000 
[/MachCode]

---------------  P R O C E S S  ---------------

Threads class SMR info:
_java_thread_list=0x000002e59cb17130, length=11, elements={
0x000002e5819d1950, 0x000002e597730020, 0x000002e597731090, 0x000002e59c9bc090,
0x000002e59c9bc960, 0x000002e59c9bd430, 0x000002e59c9bdf00, 0x000002e59c9bebb0,
0x000002e59ca08370, 0x000002e59ca09030, 0x000002e59765bd20
}

Java Threads: ( => current thread )
=>0x000002e5819d1950 JavaThread "main" [_thread_in_vm, id=7664, stack(0x000000f6e2500000,0x000000f6e2600000)]
  0x000002e597730020 JavaThread "Reference Handler" daemon [_thread_blocked, id=15164, stack(0x000000f6e2800000,0x000000f6e2900000)]
  0x000002e597731090 JavaThread "Finalizer" daemon [_thread_blocked, id=5868, stack(0x000000f6e2900000,0x000000f6e2a00000)]
  0x000002e59c9bc090 JavaThread "Signal Dispatcher" daemon [_thread_blocked, id=19176, stack(0x000000f6e2a00000,0x000000f6e2b00000)]
  0x000002e59c9bc960 JavaThread "Attach Listener" daemon [_thread_blocked, id=6996, stack(0x000000f6e2b00000,0x000000f6e2c00000)]
  0x000002e59c9bd430 JavaThread "Service Thread" daemon [_thread_blocked, id=7648, stack(0x000000f6e2c00000,0x000000f6e2d00000)]
  0x000002e59c9bdf00 JavaThread "Monitor Deflation Thread" daemon [_thread_blocked, id=25404, stack(0x000000f6e2d00000,0x000000f6e2e00000)]
  0x000002e59c9bebb0 JavaThread "C2 CompilerThread0" daemon [_thread_blocked, id=24840, stack(0x000000f6e2e00000,0x000000f6e2f00000)]
  0x000002e59ca08370 JavaThread "C1 CompilerThread0" daemon [_thread_blocked, id=3176, stack(0x000000f6e2f00000,0x000000f6e3000000)]
  0x000002e59ca09030 JavaThread "Sweeper thread" daemon [_thread_blocked, id=25104, stack(0x000000f6e3000000,0x000000f6e3100000)]
  0x000002e59765bd20 JavaThread "Common-Cleaner" daemon [_thread_blocked, id=10796, stack(0x000000f6e3100000,0x000000f6e3200000)]

Other Threads:
  0x000002e581a7ebc0 VMThread "VM Thread" [stack: 0x000000f6e2700000,0x000000f6e2800000] [id=19260]
  0x000002e5819e6560 GCTaskThread "GC Thread#0" [stack: 0x000000f6e2600000,0x000000f6e2700000] [id=21480]

Threads with active compile tasks:

VM state: not at safepoint (normal execution)

VM Mutex/Monitor currently owned by a thread:  ([mutex/lock_event])
[0x000002e5819cc310] Metaspace_lock - owner thread: 0x000002e5819d1950

Heap address: 0x00000000c0000000, size: 1024 MB, Compressed Oops mode: 32-bit

CDS archive(s) not mapped
Compressed class space mapped at: 0x0000000100000000-0x0000000140000000, reserved size: 1073741824
Narrow klass base: 0x0000000000000000, Narrow klass shift: 3, Narrow klass range: 0x140000000

GC Precious Log:
 CPUs: 4 total, 4 available
 Memory: 6094M
 Large Page Support: Disabled
 NUMA Support: Disabled
 Compressed Oops: Enabled (32-bit)
 Alignments: Space 512K, Generation 512K, Heap 2M
 Heap Min Capacity: 100M
 Heap Initial Capacity: 100M
 Heap Max Capacity: 1G
 Pre-touch: Disabled
 Parallel Workers: 4

Heap:
 PSYoungGen      total 29696K, used 6094K [0x00000000eab00000, 0x00000000ecc00000, 0x0000000100000000)
  eden space 25600K, 23% used [0x00000000eab00000,0x00000000eb0f3998,0x00000000ec400000)
  from space 4096K, 0% used [0x00000000ec800000,0x00000000ec800000,0x00000000ecc00000)
  to   space 4096K, 0% used [0x00000000ec400000,0x00000000ec400000,0x00000000ec800000)
 ParOldGen       total 68608K, used 0K [0x00000000c0000000, 0x00000000c4300000, 0x00000000eab00000)
  object space 68608K, 0% used [0x00000000c0000000,0x00000000c0000000,0x00000000c4300000)
 Metaspace       used 6109K, committed 6208K, reserved 1114112K
  class space    used 592K, committed 640K, reserved 1048576K

Card table byte_map: [0x000002e595010000,0x000002e595220000] _byte_map_base: 0x000002e594a10000

Marking Bits: (ParMarkBitMap*) 0x00007ff90961d820
 Begin Bits: [0x000002e595380000, 0x000002e596380000)
 End Bits:   [0x000002e596380000, 0x000002e597380000)

Polling page: 0x000002e581840000

Metaspace:

Usage:
  Non-class:      5.39 MB used.
      Class:    592.08 KB used.
       Both:      5.97 MB used.

Virtual space:
  Non-class space:       64.00 MB reserved,       5.44 MB (  8%) committed,  1 nodes.
      Class space:        1.00 GB reserved,     640.00 KB ( <1%) committed,  1 nodes.
             Both:        1.06 GB reserved,       6.06 MB ( <1%) committed. 

Chunk freelists:
   Non-Class:  10.31 MB
       Class:  15.23 MB
        Both:  25.54 MB

MaxMetaspaceSize: unlimited
CompressedClassSpaceSize: 1.00 GB
Initial GC threshold: 21.00 MB
Current GC threshold: 21.00 MB
CDS: off
MetaspaceReclaimPolicy: balanced
 - commit_granule_bytes: 65536.
 - commit_granule_words: 8192.
 - virtual_space_node_default_size: 8388608.
 - enlarge_chunks_in_place: 1.
 - new_chunks_are_fully_committed: 0.
 - uncommit_free_chunks: 1.
 - use_allocation_guard: 0.
 - handle_deallocations: 1.


Internal statistics:

num_allocs_failed_limit: 0.
num_arena_births: 10.
num_arena_deaths: 0.
num_vsnodes_births: 2.
num_vsnodes_deaths: 0.
num_space_committed: 97.
num_space_uncommitted: 0.
num_chunks_returned_to_freelist: 0.
num_chunks_taken_from_freelist: 31.
num_chunk_merges: 0.
num_chunk_splits: 18.
num_chunks_enlarged: 17.
num_inconsistent_stats: 0.

CodeHeap 'non-profiled nmethods': size=120000Kb used=113Kb max_used=113Kb free=119886Kb
 bounds [0x000002e58d900000, 0x000002e58db70000, 0x000002e594e30000]
CodeHeap 'profiled nmethods': size=120000Kb used=471Kb max_used=471Kb free=119528Kb
 bounds [0x000002e585e30000, 0x000002e5860a0000, 0x000002e58d360000]
CodeHeap 'non-nmethods': size=5760Kb used=1094Kb max_used=1109Kb free=4665Kb
 bounds [0x000002e58d360000, 0x000002e58d5d0000, 0x000002e58d900000]
 total_blobs=747 nmethods=375 adapters=287
 compilation: enabled
              stopped_count=0, restarted_count=0
 full_count=0

Compilation events (20 events):
Event: 1.058 Thread 0x000002e59ca08370  365       3       java.lang.CharacterDataLatin1::getType (11 bytes)
Event: 1.058 Thread 0x000002e59ca08370 nmethod 365 0x000002e585ea2310 code [0x000002e585ea24c0, 0x000002e585ea2678]
Event: 1.058 Thread 0x000002e59c9bebb0  366       4       java.lang.StringBuilder::append (8 bytes)
Event: 1.059 Thread 0x000002e59ca08370  367       3       lombok.launch.PackageShader::apply (252 bytes)
Event: 1.060 Thread 0x000002e59ca08370 nmethod 367 0x000002e585ea2790 code [0x000002e585ea29c0, 0x000002e585ea34c8]
Event: 1.064 Thread 0x000002e59c9bebb0 nmethod 366 0x000002e58d91a610 code [0x000002e58d91a7a0, 0x000002e58d91ac48]
Event: 1.065 Thread 0x000002e59c9bebb0  368       4       java.io.WinNTFileSystem::isSlash (18 bytes)
Event: 1.065 Thread 0x000002e59c9bebb0 nmethod 368 0x000002e58d91af10 code [0x000002e58d91b080, 0x000002e58d91b118]
Event: 1.072 Thread 0x000002e59ca08370  369       1       java.net.URI::getScheme (5 bytes)
Event: 1.073 Thread 0x000002e59ca08370 nmethod 369 0x000002e58d91b210 code [0x000002e58d91b3a0, 0x000002e58d91b478]
Event: 1.073 Thread 0x000002e59ca08370  371       3       java.lang.StringLatin1::regionMatchesCI (98 bytes)
Event: 1.073 Thread 0x000002e59ca08370 nmethod 371 0x000002e585ea3a90 code [0x000002e585ea3cc0, 0x000002e585ea4418]
Event: 1.073 Thread 0x000002e59ca08370  370       3       java.lang.String::regionMatches (150 bytes)
Event: 1.074 Thread 0x000002e59ca08370 nmethod 370 0x000002e585ea4790 code [0x000002e585ea49e0, 0x000002e585ea51e8]
Event: 1.074 Thread 0x000002e59c9bebb0  372       4       lombok.launch.ClassFileMetaData::decodeString (181 bytes)
Event: 1.080 Thread 0x000002e59ca08370  373       3       java.net.URI$Parser::checkChars (44 bytes)
Event: 1.081 Thread 0x000002e59ca08370 nmethod 373 0x000002e585ea5490 code [0x000002e585ea56c0, 0x000002e585ea5d08]
Event: 1.082 Thread 0x000002e59c9bebb0 nmethod 372 0x000002e58d91b510 code [0x000002e58d91b6c0, 0x000002e58d91bc78]
Event: 1.088 Thread 0x000002e59ca08370  375       1       java.util.ArrayList::size (5 bytes)
Event: 1.089 Thread 0x000002e59ca08370 nmethod 375 0x000002e58d91c390 code [0x000002e58d91c520, 0x000002e58d91c5f8]

GC Heap History (0 events):
No events

Dll operation events (8 events):
Event: 0.281 Loaded shared library c:\Users\alexa\.vscode\extensions\redhat.java-1.32.0-win32-x64\jre\17.0.11-win32-x86_64\bin\java.dll
Event: 0.665 Loaded shared library c:\Users\alexa\.vscode\extensions\redhat.java-1.32.0-win32-x64\jre\17.0.11-win32-x86_64\bin\zip.dll
Event: 0.672 Loaded shared library C:\Users\alexa\.vscode\extensions\redhat.java-1.32.0-win32-x64\jre\17.0.11-win32-x86_64\bin\instrument.dll
Event: 0.702 Loaded shared library C:\Users\alexa\.vscode\extensions\redhat.java-1.32.0-win32-x64\jre\17.0.11-win32-x86_64\bin\net.dll
Event: 0.706 Loaded shared library C:\Users\alexa\.vscode\extensions\redhat.java-1.32.0-win32-x64\jre\17.0.11-win32-x86_64\bin\nio.dll
Event: 0.716 Loaded shared library C:\Users\alexa\.vscode\extensions\redhat.java-1.32.0-win32-x64\jre\17.0.11-win32-x86_64\bin\zip.dll
Event: 0.751 Loaded shared library C:\Users\alexa\.vscode\extensions\redhat.java-1.32.0-win32-x64\jre\17.0.11-win32-x86_64\bin\jimage.dll
Event: 0.953 Loaded shared library c:\Users\alexa\.vscode\extensions\redhat.java-1.32.0-win32-x64\jre\17.0.11-win32-x86_64\bin\verify.dll

Deoptimization events (18 events):
Event: 0.732 Thread 0x000002e5819d1950 Uncommon trap: trap_request=0xffffffde fr.pc=0x000002e58d90e53c relative=0x000000000000063c
Event: 0.732 Thread 0x000002e5819d1950 Uncommon trap: reason=class_check action=maybe_recompile pc=0x000002e58d90e53c method=java.util.HashMap.putVal(ILjava/lang/Object;Ljava/lang/Object;ZZ)Ljava/lang/Object; @ 152 c2
Event: 0.732 Thread 0x000002e5819d1950 DEOPT PACKING pc=0x000002e58d90e53c sp=0x000000f6e25fe120
Event: 0.732 Thread 0x000002e5819d1950 DEOPT UNPACKING pc=0x000002e58d3b66a3 sp=0x000000f6e25fe070 mode 2
Event: 0.732 Thread 0x000002e5819d1950 Uncommon trap: trap_request=0xffffffde fr.pc=0x000002e58d90e53c relative=0x000000000000063c
Event: 0.732 Thread 0x000002e5819d1950 Uncommon trap: reason=class_check action=maybe_recompile pc=0x000002e58d90e53c method=java.util.HashMap.putVal(ILjava/lang/Object;Ljava/lang/Object;ZZ)Ljava/lang/Object; @ 152 c2
Event: 0.732 Thread 0x000002e5819d1950 DEOPT PACKING pc=0x000002e58d90e53c sp=0x000000f6e25fe120
Event: 0.732 Thread 0x000002e5819d1950 DEOPT UNPACKING pc=0x000002e58d3b66a3 sp=0x000000f6e25fe070 mode 2
Event: 0.732 Thread 0x000002e5819d1950 Uncommon trap: trap_request=0xffffffde fr.pc=0x000002e58d90e53c relative=0x000000000000063c
Event: 0.732 Thread 0x000002e5819d1950 Uncommon trap: reason=class_check action=maybe_recompile pc=0x000002e58d90e53c method=java.util.HashMap.putVal(ILjava/lang/Object;Ljava/lang/Object;ZZ)Ljava/lang/Object; @ 152 c2
Event: 0.732 Thread 0x000002e5819d1950 DEOPT PACKING pc=0x000002e58d90e53c sp=0x000000f6e25fe120
Event: 0.732 Thread 0x000002e5819d1950 DEOPT UNPACKING pc=0x000002e58d3b66a3 sp=0x000000f6e25fe070 mode 2
Event: 0.949 Thread 0x000002e5819d1950 Uncommon trap: trap_request=0xffffff45 fr.pc=0x000002e58d916828 relative=0x00000000000004e8
Event: 0.949 Thread 0x000002e5819d1950 Uncommon trap: reason=unstable_if action=reinterpret pc=0x000002e58d916828 method=java.lang.String.<init>([CIILjava/lang/Void;)V @ 5 c2
Event: 0.949 Thread 0x000002e5819d1950 DEOPT PACKING pc=0x000002e58d916828 sp=0x000000f6e25fc860
Event: 0.949 Thread 0x000002e5819d1950 DEOPT UNPACKING pc=0x000002e58d3b66a3 sp=0x000000f6e25fc6f0 mode 2
Event: 1.054 Thread 0x000002e5819d1950 DEOPT PACKING pc=0x000002e585e7b622 sp=0x000000f6e25fc1b0
Event: 1.054 Thread 0x000002e5819d1950 DEOPT UNPACKING pc=0x000002e58d3b6e43 sp=0x000000f6e25fb610 mode 0

Classes unloaded (0 events):
No events

Classes redefined (0 events):
No events

Internal exceptions (2 events):
Event: 0.598 Thread 0x000002e5819d1950 Exception <a 'java/lang/NoSuchMethodError'{0x00000000eacb4e50}: 'void java.lang.invoke.DirectMethodHandle$Holder.invokeStatic(java.lang.Object, java.lang.Object, java.lang.Object)'> (0x00000000eacb4e50) 
thrown [s\src\hotspot\share\interpreter\linkResolver.cpp, line 759]
Event: 1.011 Thread 0x000002e5819d1950 Exception <a 'java/lang/reflect/InvocationTargetException'{0x00000000eafe6988}> (0x00000000eafe6988) 
thrown [s\src\hotspot\share\runtime\reflection.cpp, line 1121]

VM Operations (4 events):
Event: 0.612 Executing VM operation: HandshakeAllThreads
Event: 0.613 Executing VM operation: HandshakeAllThreads done
Event: 0.821 Executing VM operation: HandshakeAllThreads
Event: 0.821 Executing VM operation: HandshakeAllThreads done

Events (20 events):
Event: 1.083 loading class java/util/regex/Pattern$CharPropertyGreedy
Event: 1.084 loading class java/util/regex/Pattern$CharPropertyGreedy done
Event: 1.085 loading class java/util/regex/Pattern$BmpCharPropertyGreedy done
Event: 1.085 loading class java/util/regex/Pattern$GroupTail
Event: 1.085 loading class java/util/regex/Pattern$GroupTail done
Event: 1.085 loading class java/util/regex/Pattern$BitClass
Event: 1.085 loading class java/util/regex/Pattern$BitClass done
Event: 1.087 loading class java/util/regex/Pattern$BranchConn
Event: 1.088 loading class java/util/regex/Pattern$BranchConn done
Event: 1.088 loading class java/util/regex/Pattern$Branch
Event: 1.088 loading class java/util/regex/Pattern$Branch done
Event: 1.088 loading class java/util/regex/Pattern$StartS
Event: 1.088 loading class java/util/regex/Pattern$StartS done
Event: 1.089 loading class java/util/regex/Pattern$Curly
Event: 1.089 loading class java/util/regex/Pattern$Curly done
Event: 1.089 loading class java/util/regex/Pattern$Ques
Event: 1.089 loading class java/util/regex/Pattern$Ques done
Event: 1.089 loading class java/util/regex/Pattern$Loop
Event: 1.089 loading class java/util/regex/Pattern$Loop done
Event: 1.089 loading class java/util/regex/Pattern$Prolog


Dynamic libraries:
0x00007ff7b1130000 - 0x00007ff7b113e000 	c:\Users\alexa\.vscode\extensions\redhat.java-1.32.0-win32-x64\jre\17.0.11-win32-x86_64\bin\java.exe
0x00007ff97e2f0000 - 0x00007ff97e507000 	C:\WINDOWS\SYSTEM32\ntdll.dll
0x00007ff97c810000 - 0x00007ff97c8d4000 	C:\WINDOWS\System32\KERNEL32.DLL
0x00007ff97b8b0000 - 0x00007ff97bc5d000 	C:\WINDOWS\System32\KERNELBASE.dll
0x00007ff97bde0000 - 0x00007ff97bef1000 	C:\WINDOWS\System32\ucrtbase.dll
0x00007ff953d00000 - 0x00007ff953d17000 	c:\Users\alexa\.vscode\extensions\redhat.java-1.32.0-win32-x64\jre\17.0.11-win32-x86_64\bin\jli.dll
0x00007ff97c260000 - 0x00007ff97c40e000 	C:\WINDOWS\System32\USER32.dll
0x00007ff97bc90000 - 0x00007ff97bcb6000 	C:\WINDOWS\System32\win32u.dll
0x00007ff97c4a0000 - 0x00007ff97c4c9000 	C:\WINDOWS\System32\GDI32.dll
0x00007ff97b620000 - 0x00007ff97b739000 	C:\WINDOWS\System32\gdi32full.dll
0x00007ff97bd40000 - 0x00007ff97bdda000 	C:\WINDOWS\System32\msvcp_win.dll
0x00007ff94fc50000 - 0x00007ff94fc6b000 	c:\Users\alexa\.vscode\extensions\redhat.java-1.32.0-win32-x64\jre\17.0.11-win32-x86_64\bin\VCRUNTIME140.dll
0x00007ff9666d0000 - 0x00007ff966963000 	C:\WINDOWS\WinSxS\amd64_microsoft.windows.common-controls_6595b64144ccf1df_6.0.22621.3672_none_2713b9d173822955\COMCTL32.dll
0x00007ff97c650000 - 0x00007ff97c6f7000 	C:\WINDOWS\System32\msvcrt.dll
0x00007ff97d040000 - 0x00007ff97d071000 	C:\WINDOWS\System32\IMM32.DLL
0x00007ff971030000 - 0x00007ff97103c000 	c:\Users\alexa\.vscode\extensions\redhat.java-1.32.0-win32-x64\jre\17.0.11-win32-x86_64\bin\vcruntime140_1.dll
0x00007ff935ad0000 - 0x00007ff935b5d000 	c:\Users\alexa\.vscode\extensions\redhat.java-1.32.0-win32-x64\jre\17.0.11-win32-x86_64\bin\msvcp140.dll
0x00007ff908a80000 - 0x00007ff9096e2000 	c:\Users\alexa\.vscode\extensions\redhat.java-1.32.0-win32-x64\jre\17.0.11-win32-x86_64\bin\server\jvm.dll
0x00007ff97dbd0000 - 0x00007ff97dc82000 	C:\WINDOWS\System32\ADVAPI32.dll
0x00007ff97e1f0000 - 0x00007ff97e299000 	C:\WINDOWS\System32\sechost.dll
0x00007ff97bc60000 - 0x00007ff97bc88000 	C:\WINDOWS\System32\bcrypt.dll
0x00007ff97cf20000 - 0x00007ff97d034000 	C:\WINDOWS\System32\RPCRT4.dll
0x00007ff97b4e0000 - 0x00007ff97b52d000 	C:\WINDOWS\SYSTEM32\POWRPROF.dll
0x00007ff96f690000 - 0x00007ff96f699000 	C:\WINDOWS\SYSTEM32\WSOCK32.dll
0x00007ff97c030000 - 0x00007ff97c0a1000 	C:\WINDOWS\System32\WS2_32.dll
0x00007ff9748e0000 - 0x00007ff974914000 	C:\WINDOWS\SYSTEM32\WINMM.dll
0x00007ff971940000 - 0x00007ff97194a000 	C:\WINDOWS\SYSTEM32\VERSION.dll
0x00007ff97b4c0000 - 0x00007ff97b4d3000 	C:\WINDOWS\SYSTEM32\UMPDC.dll
0x00007ff97a620000 - 0x00007ff97a638000 	C:\WINDOWS\SYSTEM32\kernel.appcore.dll
0x00007ff96f680000 - 0x00007ff96f68a000 	c:\Users\alexa\.vscode\extensions\redhat.java-1.32.0-win32-x64\jre\17.0.11-win32-x86_64\bin\jimage.dll
0x00007ff978e20000 - 0x00007ff979052000 	C:\WINDOWS\SYSTEM32\DBGHELP.DLL
0x00007ff97cb40000 - 0x00007ff97cec8000 	C:\WINDOWS\System32\combase.dll
0x00007ff97e110000 - 0x00007ff97e1e7000 	C:\WINDOWS\System32\OLEAUT32.dll
0x00007ff96f710000 - 0x00007ff96f742000 	C:\WINDOWS\SYSTEM32\dbgcore.DLL
0x00007ff97bcc0000 - 0x00007ff97bd3b000 	C:\WINDOWS\System32\bcryptPrimitives.dll
0x00007ff969bb0000 - 0x00007ff969bbe000 	c:\Users\alexa\.vscode\extensions\redhat.java-1.32.0-win32-x64\jre\17.0.11-win32-x86_64\bin\instrument.dll
0x00007ff94f340000 - 0x00007ff94f365000 	c:\Users\alexa\.vscode\extensions\redhat.java-1.32.0-win32-x64\jre\17.0.11-win32-x86_64\bin\java.dll
0x00007ff94fb10000 - 0x00007ff94fb28000 	c:\Users\alexa\.vscode\extensions\redhat.java-1.32.0-win32-x64\jre\17.0.11-win32-x86_64\bin\zip.dll
0x00007ff97d080000 - 0x00007ff97d8df000 	C:\WINDOWS\System32\SHELL32.dll
0x00007ff979520000 - 0x00007ff979e1c000 	C:\WINDOWS\SYSTEM32\windows.storage.dll
0x00007ff9793e0000 - 0x00007ff97951f000 	C:\WINDOWS\SYSTEM32\wintypes.dll
0x00007ff97ca40000 - 0x00007ff97cb34000 	C:\WINDOWS\System32\SHCORE.dll
0x00007ff97c4d0000 - 0x00007ff97c52e000 	C:\WINDOWS\System32\shlwapi.dll
0x00007ff97b550000 - 0x00007ff97b571000 	C:\WINDOWS\SYSTEM32\profapi.dll
0x00007ff94f430000 - 0x00007ff94f449000 	C:\Users\alexa\.vscode\extensions\redhat.java-1.32.0-win32-x64\jre\17.0.11-win32-x86_64\bin\net.dll
0x00007ff9759d0000 - 0x00007ff975b06000 	C:\WINDOWS\SYSTEM32\WINHTTP.dll
0x00007ff97aac0000 - 0x00007ff97ab29000 	C:\WINDOWS\system32\mswsock.dll
0x00007ff94f2f0000 - 0x00007ff94f306000 	C:\Users\alexa\.vscode\extensions\redhat.java-1.32.0-win32-x64\jre\17.0.11-win32-x86_64\bin\nio.dll
0x00007ff967240000 - 0x00007ff967250000 	c:\Users\alexa\.vscode\extensions\redhat.java-1.32.0-win32-x64\jre\17.0.11-win32-x86_64\bin\verify.dll

dbghelp: loaded successfully - version: 4.0.5 - missing functions: none
symbol engine: initialized successfully - sym options: 0x614 - pdb path: .;c:\Users\alexa\.vscode\extensions\redhat.java-1.32.0-win32-x64\jre\17.0.11-win32-x86_64\bin;C:\WINDOWS\SYSTEM32;C:\WINDOWS\WinSxS\amd64_microsoft.windows.common-controls_6595b64144ccf1df_6.0.22621.3672_none_2713b9d173822955;c:\Users\alexa\.vscode\extensions\redhat.java-1.32.0-win32-x64\jre\17.0.11-win32-x86_64\bin\server

VM Arguments:
jvm_args: --add-modules=ALL-SYSTEM --add-opens=java.base/java.util=ALL-UNNAMED --add-opens=java.base/java.lang=ALL-UNNAMED --add-opens=java.base/sun.nio.fs=ALL-UNNAMED -Declipse.application=org.eclipse.jdt.ls.core.id1 -Dosgi.bundles.defaultStartLevel=4 -Declipse.product=org.eclipse.jdt.ls.core.product -Djava.import.generatesMetadataFilesAtProjectRoot=false -DDetectVMInstallationsJob.disabled=true -Dfile.encoding=utf8 -XX:+UseParallelGC -XX:GCTimeRatio=4 -XX:AdaptiveSizePolicyWeight=90 -Dsun.zip.disableMemoryMapping=true -Xmx1G -Xms100m -Xlog:disable -javaagent:c:\Users\alexa\.vscode\extensions\redhat.java-1.32.0-win32-x64\lombok\lombok-1.18.33.jar 
java_command: c:\Users\alexa\.vscode\extensions\redhat.java-1.32.0-win32-x64\server\plugins\org.eclipse.equinox.launcher_1.6.900.v20240613-2009.jar -configuration c:\Users\alexa\AppData\Roaming\Code\User\globalStorage\redhat.java\1.32.0\config_ss_win -data c:\Users\alexa\AppData\Roaming\Code\User\workspaceStorage\e0481444e0cd789a49b334a650a3f0a1\redhat.java\ss_ws --pipe=\\.\pipe\lsp-2538faa89fc5ff98426b30675b65dab7-sock
java_class_path (initial): c:\Users\alexa\.vscode\extensions\redhat.java-1.32.0-win32-x64\server\plugins\org.eclipse.equinox.launcher_1.6.900.v20240613-2009.jar
Launcher Type: SUN_STANDARD

[Global flags]
    uintx AdaptiveSizePolicyWeight                 = 90                                        {product} {command line}
     intx CICompilerCount                          = 3                                         {product} {ergonomic}
    uintx GCTimeRatio                              = 4                                         {product} {command line}
   size_t InitialHeapSize                          = 104857600                                 {product} {command line}
   size_t MaxHeapSize                              = 1073741824                                {product} {command line}
   size_t MaxNewSize                               = 357564416                                 {product} {ergonomic}
   size_t MinHeapDeltaBytes                        = 524288                                    {product} {ergonomic}
   size_t MinHeapSize                              = 104857600                                 {product} {command line}
   size_t NewSize                                  = 34603008                                  {product} {ergonomic}
    uintx NonNMethodCodeHeapSize                   = 5832780                                {pd product} {ergonomic}
    uintx NonProfiledCodeHeapSize                  = 122912730                              {pd product} {ergonomic}
   size_t OldSize                                  = 70254592                                  {product} {ergonomic}
    uintx ProfiledCodeHeapSize                     = 122912730                              {pd product} {ergonomic}
    uintx ReservedCodeCacheSize                    = 251658240                              {pd product} {ergonomic}
     bool SegmentedCodeCache                       = true                                      {product} {ergonomic}
   size_t SoftMaxHeapSize                          = 1073741824                             {manageable} {ergonomic}
     bool UseCompressedClassPointers               = true                           {product lp64_product} {ergonomic}
     bool UseCompressedOops                        = true                           {product lp64_product} {ergonomic}
     bool UseLargePagesIndividualAllocation        = false                                  {pd product} {ergonomic}
     bool UseParallelGC                            = true                                      {product} {command line}

Logging:
Log output configuration:
 #0: stdout all=off uptime,level,tags
 #1: stderr all=off uptime,level,tags

Environment Variables:
JAVA_HOME=C:\Java\jdk-22.0.1
PATH=C:\Program Files\Google\Chrome\Application;C:\Program Files\Common Files\Oracle\Java\javapath;C:\Program Files (x86)\Common Files\Oracle\Java\java8path;C:\Program Files (x86)\Common Files\Oracle\Java\javapath;C:\Program Files\Eclipse Adoptium\jdk-21.0.3.9-hotspot\bin;C:\Windows\system32;C:\Windows;C:\Windows\System32\Wbem;C:\Windows\System32\WindowsPowerShell\v1.0\;C:\Windows\System32\OpenSSH\;C:\Program Files\Microsoft SQL Server\130\Tools\Binn\;C:\Program Files\Microsoft SQL Server\Client SDK\ODBC\170\Tools\Binn\;C:\Program Files (x86)\Microsoft SQL Server\150\Tools\Binn\;C:\Program Files\Microsoft SQL Server\150\Tools\Binn\;C:\Program Files\Microsoft SQL Server\150\DTS\Binn\;C:\Program Files (x86)\Windows Kits\8.1\Windows Performance Toolkit\;C:\WINDOWS\system32;C:\WINDOWS;C:\WINDOWS\System32\Wbem;C:\WINDOWS\System32\WindowsPowerShell\v1.0\;C:\WINDOWS\System32\OpenSSH\;C:\Program Files\Git\cmd;C:\Program Files\PuTTY\;C:\Java\jdk-22.0.1\bin;C:\Users\alexa\AppData\Local\Microsoft\WindowsApps;C:\Users\alexa\AppData\Local\Microsoft\WindowsApps;C:\Users\alexa\AppData\Local\gitkraken\bin;C:\Users\alexa\AppData\Local\Programs\Microsoft VS Code\bin
USERNAME=alexa
OS=Windows_NT
PROCESSOR_IDENTIFIER=AMD64 Family 23 Model 24 Stepping 1, AuthenticAMD
TMP=C:\Users\alexa\AppData\Local\Temp
TEMP=C:\Users\alexa\AppData\Local\Temp



Periodic native trim disabled


---------------  S Y S T E M  ---------------

OS:
 Windows 11 , 64 bit Build 22621 (10.0.22621.3672)
OS uptime: 3 days 19:24 hours
Hyper-V role detected

CPU: total 4 (initial active 4) (4 cores per cpu, 2 threads per core) family 23 model 24 stepping 1 microcode 0x0, cx8, cmov, fxsr, ht, mmx, 3dnowpref, sse, sse2, sse3, ssse3, sse4a, sse4.1, sse4.2, popcnt, lzcnt, tsc, tscinvbit, avx, avx2, aes, clmul, bmi1, bmi2, adx, sha, fma, vzeroupper, clflush, clflushopt, hv
Processor Information for all 4 processors :
  Max Mhz: 2600, Current Mhz: 2600, Mhz Limit: 2600

Memory: 4k page, system-wide physical 6094M (350M free)
TotalPageFile size 24526M (AvailPageFile size 8M)
current process WorkingSet (physical memory assigned to process): 38M, peak: 38M
current process commit charge ("private bytes"): 173M, peak: 174M

vm_info: OpenJDK 64-Bit Server VM (17.0.11+9) for windows-amd64 JRE (17.0.11+9), built on Apr 17 2024 06:07:48 by "admin" with MS VC++ 16.10 / 16.11 (VS2019)

END.
